<?xml version="1.0" encoding="UTF-8"?>
<testng-results skipped="0" failed="0" ignored="0" total="0" passed="0">
  <reporter-output>
  </reporter-output>
  <suite name="TestngAssignment" duration-ms="16" started-at="2022-03-25T13:39:54 IST" finished-at="2022-03-25T13:39:54 IST">
    <groups>
    </groups>
    <test name="Command line test" duration-ms="16" started-at="2022-03-25T13:39:54 IST" finished-at="2022-03-25T13:39:54 IST">
    </test> <!-- Command line test -->
  </suite> <!-- TestngAssignment -->
</testng-results>
